{"C:\\Users\\NMALLET\\Desktop\\Formation\\Pratrice\\Vuejs\\Projet_Perso_App\\-training-vue-node\\src\\App.vue": {"path":"C:\\Users\\NMALLET\\Desktop\\Formation\\Pratrice\\Vuejs\\Projet_Perso_App\\-training-vue-node\\src\\App.vue","statementMap":{"0":{"start":{"line":2,"column":0},"end":{"line":2,"column":null}},"1":{"start":{"line":3,"column":0},"end":{"line":3,"column":null}},"2":{"start":{"line":5,"column":0},"end":{"line":5,"column":null}}},"fnMap":{},"branchMap":{},"s":{"0":0,"1":0,"2":0},"f":{},"b":{}}
,"C:\\Users\\NMALLET\\Desktop\\Formation\\Pratrice\\Vuejs\\Projet_Perso_App\\-training-vue-node\\src\\main.ts": {"path":"C:\\Users\\NMALLET\\Desktop\\Formation\\Pratrice\\Vuejs\\Projet_Perso_App\\-training-vue-node\\src\\main.ts","statementMap":{"0":{"start":{"line":1,"column":0},"end":{"line":1,"column":null}},"1":{"start":{"line":2,"column":0},"end":{"line":2,"column":null}},"2":{"start":{"line":4,"column":0},"end":{"line":4,"column":10}}},"fnMap":{},"branchMap":{},"s":{"0":0,"1":0,"2":0},"f":{},"b":{}}
,"C:\\Users\\NMALLET\\Desktop\\Formation\\Pratrice\\Vuejs\\Projet_Perso_App\\-training-vue-node\\src\\components\\Tasks\\TaskForm.vue": {"path":"C:\\Users\\NMALLET\\Desktop\\Formation\\Pratrice\\Vuejs\\Projet_Perso_App\\-training-vue-node\\src\\components\\Tasks\\TaskForm.vue","statementMap":{"0":{"start":{"line":2,"column":0},"end":{"line":2,"column":null}},"1":{"start":{"line":3,"column":0},"end":{"line":3,"column":null}},"2":{"start":{"line":5,"column":0},"end":{"line":5,"column":null}},"3":{"start":{"line":8,"column":0},"end":{"line":8,"column":null}},"4":{"start":{"line":9,"column":0},"end":{"line":9,"column":null}},"5":{"start":{"line":11,"column":0},"end":{"line":19,"column":null}},"6":{"start":{"line":12,"column":0},"end":{"line":15,"column":null}},"7":{"start":{"line":13,"column":0},"end":{"line":13,"column":null}},"8":{"start":{"line":14,"column":0},"end":{"line":14,"column":null}},"9":{"start":{"line":16,"column":0},"end":{"line":16,"column":null}},"10":{"start":{"line":17,"column":0},"end":{"line":17,"column":null}},"11":{"start":{"line":18,"column":0},"end":{"line":18,"column":null}},"12":{"start":{"line":21,"column":0},"end":{"line":21,"column":null}}},"fnMap":{"0":{"name":"(anonymous_0)","decl":{"start":{"line":7,"column":0},"end":{"line":7,"column":null}},"loc":{"start":{"line":7,"column":0},"end":{"line":28,"column":null}}},"1":{"name":"(anonymous_1)","decl":{"start":{"line":11,"column":0},"end":{"line":11,"column":null}},"loc":{"start":{"line":11,"column":0},"end":{"line":19,"column":null}}}},"branchMap":{"0":{"loc":{"start":{"line":12,"column":0},"end":{"line":15,"column":null}},"type":"if","locations":[{"start":{"line":12,"column":0},"end":{"line":15,"column":null}},{"start":{"line":12,"column":0},"end":{"line":15,"column":null}}]}},"s":{"0":3,"1":3,"2":3,"3":4,"4":1,"5":1,"6":0,"7":0,"8":0,"9":0,"10":0,"11":0,"12":1},"f":{"0":1,"1":0},"b":{"0":[0,0]}}
,"C:\\Users\\NMALLET\\Desktop\\Formation\\Pratrice\\Vuejs\\Projet_Perso_App\\-training-vue-node\\src\\components\\Tasks\\TaskList.vue": {"path":"C:\\Users\\NMALLET\\Desktop\\Formation\\Pratrice\\Vuejs\\Projet_Perso_App\\-training-vue-node\\src\\components\\Tasks\\TaskList.vue","statementMap":{"0":{"start":{"line":2,"column":0},"end":{"line":2,"column":null}},"1":{"start":{"line":4,"column":0},"end":{"line":4,"column":null}}},"fnMap":{},"branchMap":{},"s":{"0":2,"1":2},"f":{},"b":{}}
,"C:\\Users\\NMALLET\\Desktop\\Formation\\Pratrice\\Vuejs\\Projet_Perso_App\\-training-vue-node\\src\\components\\Tasks\\task-feature.ts": {"path":"C:\\Users\\NMALLET\\Desktop\\Formation\\Pratrice\\Vuejs\\Projet_Perso_App\\-training-vue-node\\src\\components\\Tasks\\task-feature.ts","statementMap":{"0":{"start":{"line":2,"column":0},"end":{"line":2,"column":null}},"1":{"start":{"line":3,"column":0},"end":{"line":3,"column":null}},"2":{"start":{"line":15,"column":20},"end":{"line":49,"column":null}},"3":{"start":{"line":16,"column":15},"end":{"line":16,"column":24}},"4":{"start":{"line":17,"column":16},"end":{"line":17,"column":28}},"5":{"start":{"line":19,"column":23},"end":{"line":21,"column":null}},"6":{"start":{"line":20,"column":4},"end":{"line":20,"column":11}},"7":{"start":{"line":23,"column":20},"end":{"line":25,"column":null}},"8":{"start":{"line":24,"column":4},"end":{"line":24,"column":8}},"9":{"start":{"line":27,"column":22},"end":{"line":29,"column":null}},"10":{"start":{"line":28,"column":4},"end":{"line":28,"column":9}},"11":{"start":{"line":30,"column":18},"end":{"line":32,"column":null}},"12":{"start":{"line":31,"column":4},"end":{"line":31,"column":9}},"13":{"start":{"line":34,"column":21},"end":{"line":36,"column":null}},"14":{"start":{"line":35,"column":4},"end":{"line":35,"column":9}},"15":{"start":{"line":38,"column":2},"end":{"line":38,"column":12}},"16":{"start":{"line":40,"column":2},"end":{"line":40,"column":9}},"17":{"start":{"line":50,"column":15},"end":{"line":50,"column":null}}},"fnMap":{"0":{"name":"(anonymous_0)","decl":{"start":{"line":15,"column":20},"end":{"line":15,"column":38}},"loc":{"start":{"line":15,"column":38},"end":{"line":49,"column":null}}},"1":{"name":"(anonymous_1)","decl":{"start":{"line":19,"column":23},"end":{"line":19,"column":37}},"loc":{"start":{"line":19,"column":37},"end":{"line":21,"column":null}}},"2":{"name":"(anonymous_2)","decl":{"start":{"line":23,"column":20},"end":{"line":23,"column":25}},"loc":{"start":{"line":23,"column":25},"end":{"line":25,"column":null}}},"3":{"name":"(anonymous_3)","decl":{"start":{"line":27,"column":22},"end":{"line":27,"column":33}},"loc":{"start":{"line":27,"column":33},"end":{"line":29,"column":null}}},"4":{"name":"(anonymous_4)","decl":{"start":{"line":30,"column":18},"end":{"line":30,"column":25}},"loc":{"start":{"line":30,"column":42},"end":{"line":32,"column":null}}},"5":{"name":"(anonymous_5)","decl":{"start":{"line":34,"column":21},"end":{"line":34,"column":28}},"loc":{"start":{"line":34,"column":42},"end":{"line":36,"column":null}}}},"branchMap":{},"s":{"0":3,"1":3,"2":3,"3":3,"4":3,"5":3,"6":0,"7":3,"8":0,"9":3,"10":3,"11":3,"12":0,"13":3,"14":0,"15":3,"16":3,"17":3},"f":{"0":3,"1":0,"2":0,"3":3,"4":0,"5":0},"b":{}}
,"C:\\Users\\NMALLET\\Desktop\\Formation\\Pratrice\\Vuejs\\Projet_Perso_App\\-training-vue-node\\src\\models\\index.ts": {"path":"C:\\Users\\NMALLET\\Desktop\\Formation\\Pratrice\\Vuejs\\Projet_Perso_App\\-training-vue-node\\src\\models\\index.ts","statementMap":{"0":{"start":{"line":1,"column":0},"end":{"line":1,"column":null}}},"fnMap":{"0":{"name":"(anonymous_0)","decl":{"start":{"line":1,"column":0},"end":{"line":1,"column":null}},"loc":{"start":{"line":1,"column":0},"end":{"line":1,"column":null}}}},"branchMap":{"0":{"loc":{"start":{"line":1,"column":0},"end":{"line":1,"column":null}},"type":"if","locations":[{"start":{"line":1,"column":0},"end":{"line":1,"column":null}},{"start":{"line":1,"column":0},"end":{"line":1,"column":null}}]}},"s":{"0":0},"f":{"0":0},"b":{"0":[0,0]}}
,"C:\\Users\\NMALLET\\Desktop\\Formation\\Pratrice\\Vuejs\\Projet_Perso_App\\-training-vue-node\\src\\services\\index.ts": {"path":"C:\\Users\\NMALLET\\Desktop\\Formation\\Pratrice\\Vuejs\\Projet_Perso_App\\-training-vue-node\\src\\services\\index.ts","statementMap":{"0":{"start":{"line":1,"column":0},"end":{"line":1,"column":null}},"1":{"start":{"line":3,"column":20},"end":{"line":3,"column":null}},"2":{"start":{"line":4,"column":20},"end":{"line":4,"column":24}}},"fnMap":{},"branchMap":{},"s":{"0":3,"1":3,"2":3},"f":{},"b":{}}
,"C:\\Users\\NMALLET\\Desktop\\Formation\\Pratrice\\Vuejs\\Projet_Perso_App\\-training-vue-node\\src\\services\\task.service.ts": {"path":"C:\\Users\\NMALLET\\Desktop\\Formation\\Pratrice\\Vuejs\\Projet_Perso_App\\-training-vue-node\\src\\services\\task.service.ts","statementMap":{"0":{"start":{"line":2,"column":0},"end":{"line":2,"column":null}},"1":{"start":{"line":12,"column":4},"end":{"line":12,"column":9}},"2":{"start":{"line":16,"column":4},"end":{"line":16,"column":11}},"3":{"start":{"line":22,"column":16},"end":{"line":22,"column":27}},"4":{"start":{"line":23,"column":4},"end":{"line":23,"column":11}},"5":{"start":{"line":27,"column":16},"end":{"line":27,"column":27}},"6":{"start":{"line":28,"column":4},"end":{"line":28,"column":11}},"7":{"start":{"line":32,"column":16},"end":{"line":32,"column":27}},"8":{"start":{"line":33,"column":4},"end":{"line":33,"column":11}}},"fnMap":{"0":{"name":"(anonymous_0)","decl":{"start":{"line":11,"column":2},"end":{"line":11,"column":14}},"loc":{"start":{"line":11,"column":42},"end":{"line":13,"column":null}}},"1":{"name":"(anonymous_1)","decl":{"start":{"line":15,"column":2},"end":{"line":15,"column":6}},"loc":{"start":{"line":15,"column":9},"end":{"line":19,"column":null}}},"2":{"name":"(anonymous_2)","decl":{"start":{"line":21,"column":2},"end":{"line":21,"column":8}},"loc":{"start":{"line":21,"column":14},"end":{"line":24,"column":null}}},"3":{"name":"(anonymous_3)","decl":{"start":{"line":26,"column":2},"end":{"line":26,"column":8}},"loc":{"start":{"line":26,"column":22},"end":{"line":29,"column":null}}},"4":{"name":"(anonymous_4)","decl":{"start":{"line":31,"column":2},"end":{"line":31,"column":8}},"loc":{"start":{"line":31,"column":25},"end":{"line":34,"column":null}}}},"branchMap":{},"s":{"0":3,"1":3,"2":3,"3":3,"4":0,"5":0,"6":0,"7":0,"8":0},"f":{"0":3,"1":3,"2":3,"3":0,"4":0},"b":{}}
,"C:\\Users\\NMALLET\\Desktop\\Formation\\Pratrice\\Vuejs\\Projet_Perso_App\\-training-vue-node\\src\\views\\MainLayout\\MainLayout.vue": {"path":"C:\\Users\\NMALLET\\Desktop\\Formation\\Pratrice\\Vuejs\\Projet_Perso_App\\-training-vue-node\\src\\views\\MainLayout\\MainLayout.vue","statementMap":{"0":{"start":{"line":2,"column":0},"end":{"line":2,"column":null}},"1":{"start":{"line":3,"column":0},"end":{"line":3,"column":null}},"2":{"start":{"line":5,"column":0},"end":{"line":5,"column":null}}},"fnMap":{},"branchMap":{},"s":{"0":1,"1":1,"2":1},"f":{},"b":{}}
,"C:\\Users\\NMALLET\\Desktop\\Formation\\Pratrice\\Vuejs\\Projet_Perso_App\\-training-vue-node\\src\\views\\Tasks\\TaskLayout.vue": {"path":"C:\\Users\\NMALLET\\Desktop\\Formation\\Pratrice\\Vuejs\\Projet_Perso_App\\-training-vue-node\\src\\views\\Tasks\\TaskLayout.vue","statementMap":{"0":{"start":{"line":2,"column":0},"end":{"line":2,"column":null}},"1":{"start":{"line":3,"column":0},"end":{"line":3,"column":null}},"2":{"start":{"line":4,"column":0},"end":{"line":4,"column":null}},"3":{"start":{"line":5,"column":0},"end":{"line":5,"column":null}},"4":{"start":{"line":7,"column":0},"end":{"line":7,"column":null}},"5":{"start":{"line":14,"column":0},"end":{"line":14,"column":null}},"6":{"start":{"line":16,"column":0},"end":{"line":16,"column":null}}},"fnMap":{"0":{"name":"(anonymous_0)","decl":{"start":{"line":13,"column":0},"end":{"line":13,"column":null}},"loc":{"start":{"line":13,"column":0},"end":{"line":22,"column":null}}}},"branchMap":{},"s":{"0":2,"1":2,"2":2,"3":2,"4":2,"5":10,"6":2},"f":{"0":2},"b":{}}
}
