TN:
SF:C:\Users\NMALLET\Desktop\Formation\Pratrice\Vuejs\Projet_Perso_App\-training-vue-node\src\App.vue
FNF:0
FNH:0
DA:2,1
DA:3,1
DA:5,1
LF:3
LH:3
BRF:0
BRH:0
end_of_record
TN:
SF:C:\Users\NMALLET\Desktop\Formation\Pratrice\Vuejs\Projet_Perso_App\-training-vue-node\src\main.ts
FNF:0
FNH:0
DA:1,0
DA:2,0
DA:4,0
LF:3
LH:0
BRF:0
BRH:0
end_of_record
TN:
SF:C:\Users\NMALLET\Desktop\Formation\Pratrice\Vuejs\Projet_Perso_App\-training-vue-node\src\components\Tasks\TaskForm.vue
FN:7,(anonymous_0)
FN:11,(anonymous_1)
FNF:2
FNH:1
FNDA:1,(anonymous_0)
FNDA:0,(anonymous_1)
DA:2,4
DA:3,4
DA:5,4
DA:8,4
DA:9,1
DA:11,1
DA:12,0
DA:13,0
DA:14,0
DA:16,0
DA:17,0
DA:18,0
DA:21,1
LF:13
LH:7
BRDA:12,0,0,0
BRDA:12,0,1,0
BRF:2
BRH:0
end_of_record
TN:
SF:C:\Users\NMALLET\Desktop\Formation\Pratrice\Vuejs\Projet_Perso_App\-training-vue-node\src\components\Tasks\TaskList.vue
FNF:0
FNH:0
DA:2,4
DA:4,4
LF:2
LH:2
BRF:0
BRH:0
end_of_record
TN:
SF:C:\Users\NMALLET\Desktop\Formation\Pratrice\Vuejs\Projet_Perso_App\-training-vue-node\src\components\Tasks\task-feature.ts
FN:15,(anonymous_0)
FN:19,(anonymous_1)
FN:23,(anonymous_2)
FN:27,(anonymous_3)
FN:30,(anonymous_4)
FN:34,(anonymous_5)
FNF:6
FNH:2
FNDA:3,(anonymous_0)
FNDA:0,(anonymous_1)
FNDA:0,(anonymous_2)
FNDA:3,(anonymous_3)
FNDA:0,(anonymous_4)
FNDA:0,(anonymous_5)
DA:2,4
DA:3,4
DA:15,4
DA:16,3
DA:17,3
DA:19,3
DA:20,0
DA:23,3
DA:24,0
DA:27,3
DA:28,3
DA:30,3
DA:31,0
DA:34,3
DA:35,0
DA:38,3
DA:40,3
DA:50,4
LF:18
LH:14
BRF:0
BRH:0
end_of_record
TN:
SF:C:\Users\NMALLET\Desktop\Formation\Pratrice\Vuejs\Projet_Perso_App\-training-vue-node\src\models\index.ts
FN:1,(anonymous_0)
FNF:1
FNH:0
FNDA:0,(anonymous_0)
DA:1,0
LF:1
LH:0
BRDA:1,0,0,0
BRDA:1,0,1,0
BRF:2
BRH:0
end_of_record
TN:
SF:C:\Users\NMALLET\Desktop\Formation\Pratrice\Vuejs\Projet_Perso_App\-training-vue-node\src\services\index.ts
FNF:0
FNH:0
DA:1,4
DA:3,4
DA:4,4
LF:3
LH:3
BRF:0
BRH:0
end_of_record
TN:
SF:C:\Users\NMALLET\Desktop\Formation\Pratrice\Vuejs\Projet_Perso_App\-training-vue-node\src\services\task.service.ts
FN:11,(anonymous_0)
FN:15,(anonymous_1)
FN:21,(anonymous_2)
FN:26,(anonymous_3)
FN:31,(anonymous_4)
FNF:5
FNH:3
FNDA:4,(anonymous_0)
FNDA:3,(anonymous_1)
FNDA:3,(anonymous_2)
FNDA:0,(anonymous_3)
FNDA:0,(anonymous_4)
DA:2,4
DA:12,4
DA:16,3
DA:22,3
DA:23,0
DA:27,0
DA:28,0
DA:32,0
DA:33,0
LF:9
LH:4
BRF:0
BRH:0
end_of_record
TN:
SF:C:\Users\NMALLET\Desktop\Formation\Pratrice\Vuejs\Projet_Perso_App\-training-vue-node\src\views\MainLayout\MainLayout.vue
FNF:0
FNH:0
DA:2,2
DA:3,2
DA:5,2
LF:3
LH:3
BRF:0
BRH:0
end_of_record
TN:
SF:C:\Users\NMALLET\Desktop\Formation\Pratrice\Vuejs\Projet_Perso_App\-training-vue-node\src\views\Tasks\TaskLayout.vue
FN:13,(anonymous_0)
FNF:1
FNH:1
FNDA:2,(anonymous_0)
DA:2,3
DA:3,3
DA:4,3
DA:5,3
DA:7,3
DA:14,10
DA:16,2
LF:7
LH:7
BRF:0
BRH:0
end_of_record
